<?xml version="1.0" encoding="UTF-8"?>
<!-- Generated by org.testng.reporters.JUnitReportReporter -->
<testsuite hostname="LAPTOP-197KL6J0" failures="0" tests="1" name="practice.OpenNewAccount" time="7.556" errors="0" timestamp="2022-02-23T18:38:56 IST" skipped="0">
  <testcase classname="practice.OpenNewAccount" name="openNewAccount" time="7.556"/>
  <system-out/>
</testsuite> <!-- practice.OpenNewAccount -->
