<?xml version="1.0" encoding="UTF-8"?>
<!-- Generated by org.testng.reporters.JUnitReportReporter -->
<testsuite hostname="LAPTOP-197KL6J0" failures="0" tests="1" name="practice.BillPay" time="8.631" errors="0" timestamp="2022-02-23T18:19:17 IST" skipped="0">
  <testcase classname="practice.BillPay" name="payBill" time="8.631"/>
  <system-out/>
</testsuite> <!-- practice.BillPay -->
