<?xml version="1.0" encoding="UTF-8"?>
<!-- Generated by org.testng.reporters.JUnitReportReporter -->
<testsuite hostname="LAPTOP-197KL6J0" failures="0" tests="1" name="com.sampleProj.TestCase.Login_TC_01" time="0.664" errors="0" timestamp="2022-02-24T15:48:18 IST" skipped="0">
  <testcase classname="com.sampleProj.TestCase.Login_TC_01" name="loginTest" time="0.664"/>
  <system-out/>
</testsuite> <!-- com.sampleProj.TestCase.Login_TC_01 -->
