<?xml version="1.0" encoding="UTF-8"?>
<!-- Generated by org.testng.reporters.JUnitReportReporter -->
<testsuite hostname="LAPTOP-197KL6J0" failures="0" tests="1" name="practice.NewCustomer" time="13.744" errors="0" timestamp="2022-02-23T16:58:51 IST" skipped="0">
  <testcase classname="practice.NewCustomer" name="createCustomer" time="13.744"/>
  <system-out/>
</testsuite> <!-- practice.NewCustomer -->
