<?xml version="1.0" encoding="UTF-8"?>
<!-- Generated by org.testng.reporters.JUnitReportReporter -->
<testsuite hostname="LAPTOP-197KL6J0" failures="0" tests="1" name="practice.TransferFund" time="10.177" errors="0" timestamp="2022-02-23T18:53:14 IST" skipped="0">
  <testcase classname="practice.TransferFund" name="fundTransfer" time="10.177"/>
  <system-out/>
</testsuite> <!-- practice.TransferFund -->
